<?xml version="1.0" encoding="UTF-8"?>
<robot generator="Robot 3.1.2 (Python 3.6.5 on win32)" generated="20200612 15:41:04.298" rpa="false">
<suite id="s1" name="Regression Tests Unauth" source="C:\development\robot-scripts\MSEE_p2r3\tests\regression_tests_unauth.robot">
<test id="s1-t1" name="embargoed ncsara">
<kw name="Begin Web test" library="common" type="setup">
<kw name="Open Browser" library="SeleniumLibrary">
<doc>Opens a new browser instance to the given ``url``.</doc>
<arguments>
<arg>about:blank</arg>
<arg>${BROWSER}</arg>
</arguments>
<msg timestamp="20200612 15:41:04.904" level="INFO">Opening browser 'firefox' to base url 'about:blank'.</msg>
<status status="PASS" starttime="20200612 15:41:04.904" endtime="20200612 15:41:09.749"></status>
</kw>
<status status="PASS" starttime="20200612 15:41:04.903" endtime="20200612 15:41:09.749"></status>
</kw>
<kw name="Open Slate form" library="slate">
<arguments>
<arg>${Un_FORM_URL}</arg>
</arguments>
<kw name="Load" library="slateformpage">
<arguments>
<arg>${data}</arg>
</arguments>
<kw name="Go To" library="SeleniumLibrary">
<doc>Navigates the active browser instance to the provided ``url``.</doc>
<arguments>
<arg>${data}</arg>
</arguments>
<msg timestamp="20200612 15:41:09.751" level="INFO">Opening url 'https://boulder3.apply.colorado.edu/register/summer2copy'</msg>
<status status="PASS" starttime="20200612 15:41:09.751" endtime="20200612 15:41:12.271"></status>
</kw>
<status status="PASS" starttime="20200612 15:41:09.750" endtime="20200612 15:41:12.271"></status>
</kw>
<kw name="Maximize Window" library="slateformpage">
<kw name="Maximize Browser Window" library="SeleniumLibrary">
<doc>Maximizes current browser window.</doc>
<status status="PASS" starttime="20200612 15:41:12.271" endtime="20200612 15:41:12.538"></status>
</kw>
<status status="PASS" starttime="20200612 15:41:12.271" endtime="20200612 15:41:12.538"></status>
</kw>
<status status="PASS" starttime="20200612 15:41:09.749" endtime="20200612 15:41:12.538"></status>
</kw>
<kw name="verify Showall Courses" library="slate">
<kw name="Showall Courses" library="slateformpage">
<kw name="Log To Console" library="BuiltIn">
<doc>Logs the given message to the console.</doc>
<arguments>
<arg>showall sucess</arg>
</arguments>
<status status="PASS" starttime="20200612 15:41:12.542" endtime="20200612 15:41:12.543"></status>
</kw>
<kw name="Sleep" library="BuiltIn">
<doc>Pauses the test executed for the given time.</doc>
<arguments>
<arg>4s</arg>
</arguments>
<msg timestamp="20200612 15:41:16.546" level="INFO">Slept 4 seconds</msg>
<status status="PASS" starttime="20200612 15:41:12.543" endtime="20200612 15:41:16.546"></status>
</kw>
<kw name="Get Value" library="SeleniumLibrary">
<doc>Returns the value attribute of element identified by ``locator``.</doc>
<arguments>
<arg>xpath=//div[@class="form_responses"]/input[@name="form_4dbb5622-ffac-7928-3136-89296ec06379"]</arg>
</arguments>
<assign>
<var>${filter_result}</var>
</assign>
<msg timestamp="20200612 15:41:16.591" level="INFO">${filter_result} = Results: 0 courses </msg>
<status status="PASS" starttime="20200612 15:41:16.547" endtime="20200612 15:41:16.592"></status>
</kw>
<kw name="Evaluate" library="BuiltIn">
<doc>Evaluates the given expression in Python and returns the results.</doc>
<arguments>
<arg>'${filter_result}'.strip()</arg>
</arguments>
<assign>
<var>${filter_result1}</var>
</assign>
<msg timestamp="20200612 15:41:16.593" level="INFO">${filter_result1} = Results: 0 courses</msg>
<status status="PASS" starttime="20200612 15:41:16.592" endtime="20200612 15:41:16.593"></status>
</kw>
<kw name="Log To Console" library="BuiltIn">
<doc>Logs the given message to the console.</doc>
<arguments>
<arg>${filter_result1}</arg>
</arguments>
<status status="PASS" starttime="20200612 15:41:16.593" endtime="20200612 15:41:16.594"></status>
</kw>
<kw name="Run Keyword And Continue On Failure" library="BuiltIn">
<doc>Runs the keyword and continues execution even if a failure occurs.</doc>
<arguments>
<arg>should be equal</arg>
<arg>${filter_result1}</arg>
<arg>${expfilter_result}</arg>
</arguments>
<kw name="Should Be Equal" library="BuiltIn">
<doc>Fails if the given objects are unequal.</doc>
<arguments>
<arg>${filter_result1}</arg>
<arg>${expfilter_result}</arg>
</arguments>
<msg timestamp="20200612 15:41:16.596" level="FAIL">Results: 0 courses != Results: 22 courses</msg>
<status status="FAIL" starttime="20200612 15:41:16.596" endtime="20200612 15:41:16.597"></status>
</kw>
<status status="FAIL" starttime="20200612 15:41:16.595" endtime="20200612 15:41:16.597"></status>
</kw>
<status status="FAIL" starttime="20200612 15:41:12.541" endtime="20200612 15:41:16.597"></status>
</kw>
<status status="FAIL" starttime="20200612 15:41:12.539" endtime="20200612 15:41:16.597"></status>
</kw>
<kw name="new unauth form with privacy" library="slate">
<kw name="new slate form with privacy for unauth" library="slateformpage">
<kw name="Click Element" library="SeleniumLibrary">
<doc>Click element identified by ``locator``.</doc>
<arguments>
<arg>xpath=//label[contains(text(),'ECEA 5361 Hardware Description Languages for FPGA')]</arg>
</arguments>
<msg timestamp="20200612 15:41:16.600" level="INFO">Clicking element 'xpath=//label[contains(text(),'ECEA 5361 Hardware Description Languages for FPGA')]'.</msg>
<status status="PASS" starttime="20200612 15:41:16.600" endtime="20200612 15:41:16.935"></status>
</kw>
<kw name="Page Should Contain Element" library="SeleniumLibrary">
<doc>Verifies that element ``locator`` is found on the current page.</doc>
<arguments>
<arg>xpath=//div[contains(text(),'Current Session')]</arg>
</arguments>
<msg timestamp="20200612 15:41:16.953" level="INFO">Current page contains element 'xpath=//div[contains(text(),'Current Session')]'.</msg>
<status status="PASS" starttime="20200612 15:41:16.936" endtime="20200612 15:41:16.953"></status>
</kw>
<kw name="Page Should Contain Element" library="SeleniumLibrary">
<doc>Verifies that element ``locator`` is found on the current page.</doc>
<arguments>
<arg>xpath=//div[contains(text(),'Declaration of Intent to Pursue Degree')]</arg>
</arguments>
<msg timestamp="20200612 15:41:16.970" level="INFO">Current page contains element 'xpath=//div[contains(text(),'Declaration of Intent to Pursue Degree')]'.</msg>
<status status="PASS" starttime="20200612 15:41:16.954" endtime="20200612 15:41:16.970"></status>
</kw>
<kw name="Page Should Contain Element" library="SeleniumLibrary">
<doc>Verifies that element ``locator`` is found on the current page.</doc>
<arguments>
<arg>xpath=//div[contains(text(),'Personal Information')]</arg>
</arguments>
<msg timestamp="20200612 15:41:16.983" level="INFO">Current page contains element 'xpath=//div[contains(text(),'Personal Information')]'.</msg>
<status status="PASS" starttime="20200612 15:41:16.971" endtime="20200612 15:41:16.984"></status>
</kw>
<kw name="Page Should Contain Element" library="SeleniumLibrary">
<doc>Verifies that element ``locator`` is found on the current page.</doc>
<arguments>
<arg>xpath=//div[contains(text(),'Citizenship Information')]</arg>
</arguments>
<msg timestamp="20200612 15:41:16.999" level="INFO">Current page contains element 'xpath=//div[contains(text(),'Citizenship Information')]'.</msg>
<status status="PASS" starttime="20200612 15:41:16.984" endtime="20200612 15:41:17.000"></status>
</kw>
<kw name="Page Should Contain Element" library="SeleniumLibrary">
<doc>Verifies that element ``locator`` is found on the current page.</doc>
<arguments>
<arg>xpath=//div[contains(text(),'Submit and Pay')]</arg>
</arguments>
<msg timestamp="20200612 15:41:17.016" level="INFO">Current page contains element 'xpath=//div[contains(text(),'Submit and Pay')]'.</msg>
<status status="PASS" starttime="20200612 15:41:17.000" endtime="20200612 15:41:17.016"></status>
</kw>
<kw name="Click Element" library="SeleniumLibrary">
<doc>Click element identified by ``locator``.</doc>
<arguments>
<arg>xpath=//fieldset[@id='form_48aaa06e-f190-e344-6520-7a2712e97749']//div[@class='form_response']//label[contains(text(),'No')]</arg>
</arguments>
<msg timestamp="20200612 15:41:17.018" level="INFO">Clicking element 'xpath=//fieldset[@id='form_48aaa06e-f190-e344-6520-7a2712e97749']//div[@class='form_response']//label[contains(text(),'No')]'.</msg>
<status status="PASS" starttime="20200612 15:41:17.017" endtime="20200612 15:41:17.286"></status>
</kw>
<status status="PASS" starttime="20200612 15:41:16.599" endtime="20200612 15:41:17.286"></status>
</kw>
<status status="PASS" starttime="20200612 15:41:16.598" endtime="20200612 15:41:17.286"></status>
</kw>
<kw name="embargoed access course" library="slate">
<kw name="embargoed nc" library="slateformpage">
<kw name="${item} IN [ @{emb_country} ]" type="for">
<kw name="${item} = Iran" type="foritem">
<kw name="Log To Console" library="BuiltIn">
<doc>Logs the given message to the console.</doc>
<arguments>
<arg>${item}</arg>
</arguments>
<status status="PASS" starttime="20200612 15:41:17.289" endtime="20200612 15:41:17.289"></status>
</kw>
<kw name="Wait Until Element Is Enabled" library="SeleniumLibrary">
<doc>Waits until element ``locator`` is enabled.</doc>
<arguments>
<arg>xpath=//input[@id='form_438982cf-49b9-a519-f09d-4d79f7d96ad9_1']</arg>
</arguments>
<status status="PASS" starttime="20200612 15:41:17.290" endtime="20200612 15:41:17.319"></status>
</kw>
<kw name="Click Element" library="SeleniumLibrary">
<doc>Click element identified by ``locator``.</doc>
<arguments>
<arg>xpath=//input[@id='form_438982cf-49b9-a519-f09d-4d79f7d96ad9_1']</arg>
</arguments>
<msg timestamp="20200612 15:41:17.319" level="INFO">Clicking element 'xpath=//input[@id='form_438982cf-49b9-a519-f09d-4d79f7d96ad9_1']'.</msg>
<status status="PASS" starttime="20200612 15:41:17.319" endtime="20200612 15:41:17.607"></status>
</kw>
<kw name="Sleep" library="BuiltIn">
<doc>Pauses the test executed for the given time.</doc>
<arguments>
<arg>5s</arg>
</arguments>
<msg timestamp="20200612 15:41:22.610" level="INFO">Slept 5 seconds</msg>
<status status="PASS" starttime="20200612 15:41:17.608" endtime="20200612 15:41:22.610"></status>
</kw>
<kw name="Select From List By Label" library="SeleniumLibrary">
<doc>Selects options from selection list ``locator`` by ``labels``.</doc>
<arguments>
<arg>xpath=//select[@id='form_b25c98ad-b7c9-c053-b3df-af402c57ca46']</arg>
<arg>${item}</arg>
</arguments>
<msg timestamp="20200612 15:41:22.612" level="INFO">Selecting options from selection list 'xpath=//select[@id='form_b25c98ad-b7c9-c053-b3df-af402c57ca46']' by label Iran.</msg>
<status status="PASS" starttime="20200612 15:41:22.611" endtime="20200612 15:41:23.005"></status>
</kw>
<kw name="Sleep" library="BuiltIn">
<doc>Pauses the test executed for the given time.</doc>
<arguments>
<arg>4s</arg>
</arguments>
<msg timestamp="20200612 15:41:27.008" level="INFO">Slept 4 seconds</msg>
<status status="PASS" starttime="20200612 15:41:23.006" endtime="20200612 15:41:27.008"></status>
</kw>
<kw name="Page Should Contain" library="SeleniumLibrary">
<doc>Verifies that current page contains ``text``.</doc>
<arguments>
<arg>United States export control regulations prevent us from offering services and content to students who are ordinarily resident or domiciled in Iran, Cuba, Syria, and North Korea. Students residing in those countries may not register for courses in the MS-EE program.</arg>
</arguments>
<msg timestamp="20200612 15:41:27.071" level="INFO">Current page contains text 'United States export control regulations prevent us from offering services and content to students who are ordinarily resident or domiciled in Iran, Cuba, Syria, and North Korea. Students residing in those countries may not register for courses in the MS-EE program.'.</msg>
<status status="PASS" starttime="20200612 15:41:27.009" endtime="20200612 15:41:27.072"></status>
</kw>
<kw name="Log To Console" library="BuiltIn">
<doc>Logs the given message to the console.</doc>
<arguments>
<arg>${item} passed</arg>
</arguments>
<status status="PASS" starttime="20200612 15:41:27.072" endtime="20200612 15:41:27.072"></status>
</kw>
<kw name="Select From List By Label" library="SeleniumLibrary">
<doc>Selects options from selection list ``locator`` by ``labels``.</doc>
<arguments>
<arg>xpath=//select[@id='form_b25c98ad-b7c9-c053-b3df-af402c57ca46']</arg>
<arg>Aruba</arg>
</arguments>
<msg timestamp="20200612 15:41:27.073" level="INFO">Selecting options from selection list 'xpath=//select[@id='form_b25c98ad-b7c9-c053-b3df-af402c57ca46']' by label Aruba.</msg>
<status status="PASS" starttime="20200612 15:41:27.073" endtime="20200612 15:41:27.363"></status>
</kw>
<kw name="Page Should Contain" library="SeleniumLibrary">
<doc>Verifies that current page contains ``text``.</doc>
<arguments>
<arg>United States export control regulations prevent us from offering services and content to students who are ordinarily resident or domiciled in Iran, Cuba, Syria, and North Korea. Students residing in those countries may not register for courses in the MS-EE program.</arg>
</arguments>
<msg timestamp="20200612 15:41:27.421" level="INFO">Current page contains text 'United States export control regulations prevent us from offering services and content to students who are ordinarily resident or domiciled in Iran, Cuba, Syria, and North Korea. Students residing in those countries may not register for courses in the MS-EE program.'.</msg>
<status status="PASS" starttime="20200612 15:41:27.364" endtime="20200612 15:41:27.421"></status>
</kw>
<kw name="Log To Console" library="BuiltIn">
<doc>Logs the given message to the console.</doc>
<arguments>
<arg>Aruba passed</arg>
</arguments>
<status status="PASS" starttime="20200612 15:41:27.422" endtime="20200612 15:41:27.423"></status>
</kw>
<status status="PASS" starttime="20200612 15:41:17.288" endtime="20200612 15:41:27.423"></status>
</kw>
<kw name="${item} = Cuba" type="foritem">
<kw name="Log To Console" library="BuiltIn">
<doc>Logs the given message to the console.</doc>
<arguments>
<arg>${item}</arg>
</arguments>
<status status="PASS" starttime="20200612 15:41:27.423" endtime="20200612 15:41:27.424"></status>
</kw>
<kw name="Wait Until Element Is Enabled" library="SeleniumLibrary">
<doc>Waits until element ``locator`` is enabled.</doc>
<arguments>
<arg>xpath=//input[@id='form_438982cf-49b9-a519-f09d-4d79f7d96ad9_1']</arg>
</arguments>
<status status="PASS" starttime="20200612 15:41:27.424" endtime="20200612 15:41:27.448"></status>
</kw>
<kw name="Click Element" library="SeleniumLibrary">
<doc>Click element identified by ``locator``.</doc>
<arguments>
<arg>xpath=//input[@id='form_438982cf-49b9-a519-f09d-4d79f7d96ad9_1']</arg>
</arguments>
<msg timestamp="20200612 15:41:27.449" level="INFO">Clicking element 'xpath=//input[@id='form_438982cf-49b9-a519-f09d-4d79f7d96ad9_1']'.</msg>
<status status="PASS" starttime="20200612 15:41:27.448" endtime="20200612 15:41:27.681"></status>
</kw>
<kw name="Sleep" library="BuiltIn">
<doc>Pauses the test executed for the given time.</doc>
<arguments>
<arg>5s</arg>
</arguments>
<msg timestamp="20200612 15:41:32.683" level="INFO">Slept 5 seconds</msg>
<status status="PASS" starttime="20200612 15:41:27.681" endtime="20200612 15:41:32.683"></status>
</kw>
<kw name="Select From List By Label" library="SeleniumLibrary">
<doc>Selects options from selection list ``locator`` by ``labels``.</doc>
<arguments>
<arg>xpath=//select[@id='form_b25c98ad-b7c9-c053-b3df-af402c57ca46']</arg>
<arg>${item}</arg>
</arguments>
<msg timestamp="20200612 15:41:32.685" level="INFO">Selecting options from selection list 'xpath=//select[@id='form_b25c98ad-b7c9-c053-b3df-af402c57ca46']' by label Cuba.</msg>
<status status="PASS" starttime="20200612 15:41:32.684" endtime="20200612 15:41:33.015"></status>
</kw>
<kw name="Sleep" library="BuiltIn">
<doc>Pauses the test executed for the given time.</doc>
<arguments>
<arg>4s</arg>
</arguments>
<msg timestamp="20200612 15:41:37.018" level="INFO">Slept 4 seconds</msg>
<status status="PASS" starttime="20200612 15:41:33.016" endtime="20200612 15:41:37.018"></status>
</kw>
<kw name="Page Should Contain" library="SeleniumLibrary">
<doc>Verifies that current page contains ``text``.</doc>
<arguments>
<arg>United States export control regulations prevent us from offering services and content to students who are ordinarily resident or domiciled in Iran, Cuba, Syria, and North Korea. Students residing in those countries may not register for courses in the MS-EE program.</arg>
</arguments>
<msg timestamp="20200612 15:41:37.072" level="INFO">Current page contains text 'United States export control regulations prevent us from offering services and content to students who are ordinarily resident or domiciled in Iran, Cuba, Syria, and North Korea. Students residing in those countries may not register for courses in the MS-EE program.'.</msg>
<status status="PASS" starttime="20200612 15:41:37.019" endtime="20200612 15:41:37.073"></status>
</kw>
<kw name="Log To Console" library="BuiltIn">
<doc>Logs the given message to the console.</doc>
<arguments>
<arg>${item} passed</arg>
</arguments>
<status status="PASS" starttime="20200612 15:41:37.073" endtime="20200612 15:41:37.074"></status>
</kw>
<kw name="Select From List By Label" library="SeleniumLibrary">
<doc>Selects options from selection list ``locator`` by ``labels``.</doc>
<arguments>
<arg>xpath=//select[@id='form_b25c98ad-b7c9-c053-b3df-af402c57ca46']</arg>
<arg>Aruba</arg>
</arguments>
<msg timestamp="20200612 15:41:37.074" level="INFO">Selecting options from selection list 'xpath=//select[@id='form_b25c98ad-b7c9-c053-b3df-af402c57ca46']' by label Aruba.</msg>
<status status="PASS" starttime="20200612 15:41:37.074" endtime="20200612 15:41:37.339"></status>
</kw>
<kw name="Page Should Contain" library="SeleniumLibrary">
<doc>Verifies that current page contains ``text``.</doc>
<arguments>
<arg>United States export control regulations prevent us from offering services and content to students who are ordinarily resident or domiciled in Iran, Cuba, Syria, and North Korea. Students residing in those countries may not register for courses in the MS-EE program.</arg>
</arguments>
<msg timestamp="20200612 15:41:37.380" level="INFO">Current page contains text 'United States export control regulations prevent us from offering services and content to students who are ordinarily resident or domiciled in Iran, Cuba, Syria, and North Korea. Students residing in those countries may not register for courses in the MS-EE program.'.</msg>
<status status="PASS" starttime="20200612 15:41:37.339" endtime="20200612 15:41:37.380"></status>
</kw>
<kw name="Log To Console" library="BuiltIn">
<doc>Logs the given message to the console.</doc>
<arguments>
<arg>Aruba passed</arg>
</arguments>
<status status="PASS" starttime="20200612 15:41:37.380" endtime="20200612 15:41:37.381"></status>
</kw>
<status status="PASS" starttime="20200612 15:41:27.423" endtime="20200612 15:41:37.381"></status>
</kw>
<kw name="${item} = Syria" type="foritem">
<kw name="Log To Console" library="BuiltIn">
<doc>Logs the given message to the console.</doc>
<arguments>
<arg>${item}</arg>
</arguments>
<status status="PASS" starttime="20200612 15:41:37.382" endtime="20200612 15:41:37.382"></status>
</kw>
<kw name="Wait Until Element Is Enabled" library="SeleniumLibrary">
<doc>Waits until element ``locator`` is enabled.</doc>
<arguments>
<arg>xpath=//input[@id='form_438982cf-49b9-a519-f09d-4d79f7d96ad9_1']</arg>
</arguments>
<status status="PASS" starttime="20200612 15:41:37.383" endtime="20200612 15:41:37.400"></status>
</kw>
<kw name="Click Element" library="SeleniumLibrary">
<doc>Click element identified by ``locator``.</doc>
<arguments>
<arg>xpath=//input[@id='form_438982cf-49b9-a519-f09d-4d79f7d96ad9_1']</arg>
</arguments>
<msg timestamp="20200612 15:41:37.400" level="INFO">Clicking element 'xpath=//input[@id='form_438982cf-49b9-a519-f09d-4d79f7d96ad9_1']'.</msg>
<status status="PASS" starttime="20200612 15:41:37.400" endtime="20200612 15:41:37.620"></status>
</kw>
<kw name="Sleep" library="BuiltIn">
<doc>Pauses the test executed for the given time.</doc>
<arguments>
<arg>5s</arg>
</arguments>
<msg timestamp="20200612 15:41:42.623" level="INFO">Slept 5 seconds</msg>
<status status="PASS" starttime="20200612 15:41:37.620" endtime="20200612 15:41:42.623"></status>
</kw>
<kw name="Select From List By Label" library="SeleniumLibrary">
<doc>Selects options from selection list ``locator`` by ``labels``.</doc>
<arguments>
<arg>xpath=//select[@id='form_b25c98ad-b7c9-c053-b3df-af402c57ca46']</arg>
<arg>${item}</arg>
</arguments>
<msg timestamp="20200612 15:41:42.625" level="INFO">Selecting options from selection list 'xpath=//select[@id='form_b25c98ad-b7c9-c053-b3df-af402c57ca46']' by label Syria.</msg>
<status status="PASS" starttime="20200612 15:41:42.624" endtime="20200612 15:41:42.992"></status>
</kw>
<kw name="Sleep" library="BuiltIn">
<doc>Pauses the test executed for the given time.</doc>
<arguments>
<arg>4s</arg>
</arguments>
<msg timestamp="20200612 15:41:46.996" level="INFO">Slept 4 seconds</msg>
<status status="PASS" starttime="20200612 15:41:42.993" endtime="20200612 15:41:46.996"></status>
</kw>
<kw name="Page Should Contain" library="SeleniumLibrary">
<doc>Verifies that current page contains ``text``.</doc>
<arguments>
<arg>United States export control regulations prevent us from offering services and content to students who are ordinarily resident or domiciled in Iran, Cuba, Syria, and North Korea. Students residing in those countries may not register for courses in the MS-EE program.</arg>
</arguments>
<msg timestamp="20200612 15:41:47.050" level="INFO">Current page contains text 'United States export control regulations prevent us from offering services and content to students who are ordinarily resident or domiciled in Iran, Cuba, Syria, and North Korea. Students residing in those countries may not register for courses in the MS-EE program.'.</msg>
<status status="PASS" starttime="20200612 15:41:46.997" endtime="20200612 15:41:47.050"></status>
</kw>
<kw name="Log To Console" library="BuiltIn">
<doc>Logs the given message to the console.</doc>
<arguments>
<arg>${item} passed</arg>
</arguments>
<status status="PASS" starttime="20200612 15:41:47.050" endtime="20200612 15:41:47.051"></status>
</kw>
<kw name="Select From List By Label" library="SeleniumLibrary">
<doc>Selects options from selection list ``locator`` by ``labels``.</doc>
<arguments>
<arg>xpath=//select[@id='form_b25c98ad-b7c9-c053-b3df-af402c57ca46']</arg>
<arg>Aruba</arg>
</arguments>
<msg timestamp="20200612 15:41:47.051" level="INFO">Selecting options from selection list 'xpath=//select[@id='form_b25c98ad-b7c9-c053-b3df-af402c57ca46']' by label Aruba.</msg>
<status status="PASS" starttime="20200612 15:41:47.051" endtime="20200612 15:41:47.315"></status>
</kw>
<kw name="Page Should Contain" library="SeleniumLibrary">
<doc>Verifies that current page contains ``text``.</doc>
<arguments>
<arg>United States export control regulations prevent us from offering services and content to students who are ordinarily resident or domiciled in Iran, Cuba, Syria, and North Korea. Students residing in those countries may not register for courses in the MS-EE program.</arg>
</arguments>
<msg timestamp="20200612 15:41:47.372" level="INFO">Current page contains text 'United States export control regulations prevent us from offering services and content to students who are ordinarily resident or domiciled in Iran, Cuba, Syria, and North Korea. Students residing in those countries may not register for courses in the MS-EE program.'.</msg>
<status status="PASS" starttime="20200612 15:41:47.315" endtime="20200612 15:41:47.372"></status>
</kw>
<kw name="Log To Console" library="BuiltIn">
<doc>Logs the given message to the console.</doc>
<arguments>
<arg>Aruba passed</arg>
</arguments>
<status status="PASS" starttime="20200612 15:41:47.373" endtime="20200612 15:41:47.373"></status>
</kw>
<status status="PASS" starttime="20200612 15:41:37.381" endtime="20200612 15:41:47.373"></status>
</kw>
<kw name="${item} = Korea, North" type="foritem">
<kw name="Log To Console" library="BuiltIn">
<doc>Logs the given message to the console.</doc>
<arguments>
<arg>${item}</arg>
</arguments>
<status status="PASS" starttime="20200612 15:41:47.374" endtime="20200612 15:41:47.374"></status>
</kw>
<kw name="Wait Until Element Is Enabled" library="SeleniumLibrary">
<doc>Waits until element ``locator`` is enabled.</doc>
<arguments>
<arg>xpath=//input[@id='form_438982cf-49b9-a519-f09d-4d79f7d96ad9_1']</arg>
</arguments>
<status status="PASS" starttime="20200612 15:41:47.375" endtime="20200612 15:41:47.399"></status>
</kw>
<kw name="Click Element" library="SeleniumLibrary">
<doc>Click element identified by ``locator``.</doc>
<arguments>
<arg>xpath=//input[@id='form_438982cf-49b9-a519-f09d-4d79f7d96ad9_1']</arg>
</arguments>
<msg timestamp="20200612 15:41:47.399" level="INFO">Clicking element 'xpath=//input[@id='form_438982cf-49b9-a519-f09d-4d79f7d96ad9_1']'.</msg>
<status status="PASS" starttime="20200612 15:41:47.399" endtime="20200612 15:41:47.628"></status>
</kw>
<kw name="Sleep" library="BuiltIn">
<doc>Pauses the test executed for the given time.</doc>
<arguments>
<arg>5s</arg>
</arguments>
<msg timestamp="20200612 15:41:52.631" level="INFO">Slept 5 seconds</msg>
<status status="PASS" starttime="20200612 15:41:47.628" endtime="20200612 15:41:52.631"></status>
</kw>
<kw name="Select From List By Label" library="SeleniumLibrary">
<doc>Selects options from selection list ``locator`` by ``labels``.</doc>
<arguments>
<arg>xpath=//select[@id='form_b25c98ad-b7c9-c053-b3df-af402c57ca46']</arg>
<arg>${item}</arg>
</arguments>
<msg timestamp="20200612 15:41:52.632" level="INFO">Selecting options from selection list 'xpath=//select[@id='form_b25c98ad-b7c9-c053-b3df-af402c57ca46']' by label Korea, North.</msg>
<status status="PASS" starttime="20200612 15:41:52.631" endtime="20200612 15:41:52.956"></status>
</kw>
<kw name="Sleep" library="BuiltIn">
<doc>Pauses the test executed for the given time.</doc>
<arguments>
<arg>4s</arg>
</arguments>
<msg timestamp="20200612 15:41:56.958" level="INFO">Slept 4 seconds</msg>
<status status="PASS" starttime="20200612 15:41:52.957" endtime="20200612 15:41:56.958"></status>
</kw>
<kw name="Page Should Contain" library="SeleniumLibrary">
<doc>Verifies that current page contains ``text``.</doc>
<arguments>
<arg>United States export control regulations prevent us from offering services and content to students who are ordinarily resident or domiciled in Iran, Cuba, Syria, and North Korea. Students residing in those countries may not register for courses in the MS-EE program.</arg>
</arguments>
<msg timestamp="20200612 15:41:57.009" level="INFO">Current page contains text 'United States export control regulations prevent us from offering services and content to students who are ordinarily resident or domiciled in Iran, Cuba, Syria, and North Korea. Students residing in those countries may not register for courses in the MS-EE program.'.</msg>
<status status="PASS" starttime="20200612 15:41:56.959" endtime="20200612 15:41:57.009"></status>
</kw>
<kw name="Log To Console" library="BuiltIn">
<doc>Logs the given message to the console.</doc>
<arguments>
<arg>${item} passed</arg>
</arguments>
<status status="PASS" starttime="20200612 15:41:57.009" endtime="20200612 15:41:57.010"></status>
</kw>
<kw name="Select From List By Label" library="SeleniumLibrary">
<doc>Selects options from selection list ``locator`` by ``labels``.</doc>
<arguments>
<arg>xpath=//select[@id='form_b25c98ad-b7c9-c053-b3df-af402c57ca46']</arg>
<arg>Aruba</arg>
</arguments>
<msg timestamp="20200612 15:41:57.010" level="INFO">Selecting options from selection list 'xpath=//select[@id='form_b25c98ad-b7c9-c053-b3df-af402c57ca46']' by label Aruba.</msg>
<status status="PASS" starttime="20200612 15:41:57.010" endtime="20200612 15:41:57.268"></status>
</kw>
<kw name="Page Should Contain" library="SeleniumLibrary">
<doc>Verifies that current page contains ``text``.</doc>
<arguments>
<arg>United States export control regulations prevent us from offering services and content to students who are ordinarily resident or domiciled in Iran, Cuba, Syria, and North Korea. Students residing in those countries may not register for courses in the MS-EE program.</arg>
</arguments>
<msg timestamp="20200612 15:41:57.314" level="INFO">Current page contains text 'United States export control regulations prevent us from offering services and content to students who are ordinarily resident or domiciled in Iran, Cuba, Syria, and North Korea. Students residing in those countries may not register for courses in the MS-EE program.'.</msg>
<status status="PASS" starttime="20200612 15:41:57.268" endtime="20200612 15:41:57.314"></status>
</kw>
<kw name="Log To Console" library="BuiltIn">
<doc>Logs the given message to the console.</doc>
<arguments>
<arg>Aruba passed</arg>
</arguments>
<status status="PASS" starttime="20200612 15:41:57.315" endtime="20200612 15:41:57.315"></status>
</kw>
<status status="PASS" starttime="20200612 15:41:47.373" endtime="20200612 15:41:57.316"></status>
</kw>
<status status="PASS" starttime="20200612 15:41:17.288" endtime="20200612 15:41:57.316"></status>
</kw>
<status status="PASS" starttime="20200612 15:41:17.288" endtime="20200612 15:41:57.316"></status>
</kw>
<status status="PASS" starttime="20200612 15:41:17.287" endtime="20200612 15:41:57.316"></status>
</kw>
<status status="FAIL" starttime="20200612 15:41:04.902" endtime="20200612 15:41:57.317" critical="yes">Results: 0 courses != Results: 22 courses</status>
</test>
<status status="FAIL" starttime="20200612 15:41:04.300" endtime="20200612 15:41:57.320"></status>
</suite>
<statistics>
<total>
<stat pass="0" fail="1">Critical Tests</stat>
<stat pass="0" fail="1">All Tests</stat>
</total>
<tag>
</tag>
<suite>
<stat pass="0" fail="1" id="s1" name="Regression Tests Unauth">Regression Tests Unauth</stat>
</suite>
</statistics>
<errors>
<msg timestamp="20200612 15:41:04.328" level="WARN">Collapsing consecutive whitespace during parsing is deprecated. Fix ' # This needs to be updated' in file 'C:\development\robot-scripts\MSEE_p2r3\Resources\Page Object\slateformpage.robot' on line 136.</msg>
<msg timestamp="20200612 15:41:04.329" level="WARN">Collapsing consecutive whitespace during parsing is deprecated. Fix ' # This needs to be updated' in file 'C:\development\robot-scripts\MSEE_p2r3\Resources\Page Object\slateformpage.robot' on line 151.</msg>
<msg timestamp="20200612 15:41:04.901" level="ERROR">Calling method '_start_suite' of listener 'DataDriver' failed: AttributeError: No "Test Template" keyword found for first test case.</msg>
</errors>
</robot>
