<?xml version="1.0" encoding="UTF-8"?>
<robot generator="Robot 3.1.2 (Python 3.6.5 on win32)" generated="20200611 09:55:39.792" rpa="false">
<suite id="s1" name="Demo" source="C:\development\robot-scripts\MSEE_p2r3\tests\demo.robot">
<test id="s1-t1" name="MSEE_unauth_regression">
<kw name="Begin Web test" library="common" type="setup">
<kw name="Open Browser" library="SeleniumLibrary">
<doc>Opens a new browser instance to the given ``url``.</doc>
<arguments>
<arg>about:blank</arg>
<arg>${BROWSER}</arg>
</arguments>
<msg timestamp="20200611 09:55:40.527" level="INFO">Opening browser 'firefox' to base url 'about:blank'.</msg>
<status status="PASS" starttime="20200611 09:55:40.527" endtime="20200611 09:55:46.581"></status>
</kw>
<status status="PASS" starttime="20200611 09:55:40.526" endtime="20200611 09:55:46.581"></status>
</kw>
<kw name="Unauth form verify syllabus link">
<arguments>
<arg>//label[contains(text(),'ECEA 5605 Light Emitting Diodes and Semiconductor')]</arg>
<arg>Light Emitting Diodes and Semiconductor Lasers | Coursera</arg>
</arguments>
<kw name="Open Slate form" library="slate">
<arguments>
<arg>${Un_FORM_URL}</arg>
</arguments>
<kw name="Load" library="slateformpage">
<arguments>
<arg>${data}</arg>
</arguments>
<kw name="Go To" library="SeleniumLibrary">
<doc>Navigates the active browser instance to the provided ``url``.</doc>
<arguments>
<arg>${data}</arg>
</arguments>
<msg timestamp="20200611 09:55:46.584" level="INFO">Opening url 'https://boulder3.apply.colorado.edu/register/summer2copy'</msg>
<status status="PASS" starttime="20200611 09:55:46.583" endtime="20200611 09:55:49.332"></status>
</kw>
<status status="PASS" starttime="20200611 09:55:46.583" endtime="20200611 09:55:49.332"></status>
</kw>
<kw name="Maximize Window" library="slateformpage">
<kw name="Maximize Browser Window" library="SeleniumLibrary">
<doc>Maximizes current browser window.</doc>
<status status="PASS" starttime="20200611 09:55:49.335" endtime="20200611 09:55:49.599"></status>
</kw>
<status status="PASS" starttime="20200611 09:55:49.333" endtime="20200611 09:55:49.599"></status>
</kw>
<status status="PASS" starttime="20200611 09:55:46.582" endtime="20200611 09:55:49.600"></status>
</kw>
<kw name="Syllabus links" library="slate">
<arguments>
<arg>${courses}</arg>
<arg>${coursera}</arg>
</arguments>
<kw name="Click Element" library="SeleniumLibrary">
<doc>Click element identified by ``locator``.</doc>
<arguments>
<arg>xpath=${courses}</arg>
</arguments>
<msg timestamp="20200611 09:55:49.603" level="INFO">Clicking element 'xpath=//label[contains(text(),'ECEA 5605 Light Emitting Diodes and Semiconductor')]'.</msg>
<status status="PASS" starttime="20200611 09:55:49.602" endtime="20200611 09:55:49.979"></status>
</kw>
<kw name="Get Text" library="SeleniumLibrary">
<doc>Returns the text value of element identified by ``locator``.</doc>
<arguments>
<arg>xpath=${courses}</arg>
</arguments>
<assign>
<var>${course_name}</var>
</assign>
<msg timestamp="20200611 09:55:50.029" level="INFO">${course_name} = ECEA 5605 Light Emitting Diodes and Semiconductor Lasers (1.2 credits)</msg>
<status status="PASS" starttime="20200611 09:55:49.979" endtime="20200611 09:55:50.029"></status>
</kw>
<kw name="Log To Console" library="BuiltIn">
<doc>Logs the given message to the console.</doc>
<arguments>
<arg>${course_name}</arg>
</arguments>
<status status="PASS" starttime="20200611 09:55:50.029" endtime="20200611 09:55:50.031"></status>
</kw>
<kw name="Sleep" library="BuiltIn">
<doc>Pauses the test executed for the given time.</doc>
<arguments>
<arg>2s</arg>
</arguments>
<msg timestamp="20200611 09:55:52.032" level="INFO">Slept 2 seconds</msg>
<status status="PASS" starttime="20200611 09:55:50.031" endtime="20200611 09:55:52.032"></status>
</kw>
<kw name="Fetch From Left" library="String">
<doc>Returns contents of the ``string`` before the first occurrence of ``marker``.</doc>
<arguments>
<arg>${course_name}</arg>
<arg>(</arg>
</arguments>
<assign>
<var>${coursenamedis}</var>
</assign>
<msg timestamp="20200611 09:55:52.033" level="INFO">${coursenamedis} = ECEA 5605 Light Emitting Diodes and Semiconductor Lasers </msg>
<status status="PASS" starttime="20200611 09:55:52.032" endtime="20200611 09:55:52.033"></status>
</kw>
<kw name="Remove String Using Regexp" library="String">
<doc>Removes ``patterns`` from the given ``string``.</doc>
<arguments>
<arg>${coursenamedis}</arg>
<arg>ECEA \\d\\d\\d\\d</arg>
</arguments>
<assign>
<var>${coursenamedis1}</var>
</assign>
<msg timestamp="20200611 09:55:52.034" level="INFO">${coursenamedis1} =  Light Emitting Diodes and Semiconductor Lasers </msg>
<status status="PASS" starttime="20200611 09:55:52.033" endtime="20200611 09:55:52.034"></status>
</kw>
<kw name="Evaluate" library="BuiltIn">
<doc>Evaluates the given expression in Python and returns the results.</doc>
<arguments>
<arg>'${coursenamedis1}'.strip()</arg>
</arguments>
<assign>
<var>${coursenamedis2}</var>
</assign>
<msg timestamp="20200611 09:55:52.035" level="INFO">${coursenamedis2} = Light Emitting Diodes and Semiconductor Lasers</msg>
<status status="PASS" starttime="20200611 09:55:52.034" endtime="20200611 09:55:52.035"></status>
</kw>
<kw name="Get Text" library="SeleniumLibrary">
<doc>Returns the text value of element identified by ``locator``.</doc>
<arguments>
<arg>xpath=//div[@data-reactid="269"]/p/strong[contains(text(), '${coursenamedis2}')]</arg>
</arguments>
<assign>
<var>${strong}</var>
</assign>
<msg timestamp="20200611 09:55:52.050" level="INFO">${strong} = Light Emitting Diodes and Semiconductor Lasers</msg>
<status status="PASS" starttime="20200611 09:55:52.035" endtime="20200611 09:55:52.050"></status>
</kw>
<kw name="Evaluate" library="BuiltIn">
<doc>Evaluates the given expression in Python and returns the results.</doc>
<arguments>
<arg>'${strong}'.strip()</arg>
</arguments>
<assign>
<var>${strong1}</var>
</assign>
<msg timestamp="20200611 09:55:52.050" level="INFO">${strong1} = Light Emitting Diodes and Semiconductor Lasers</msg>
<status status="PASS" starttime="20200611 09:55:52.050" endtime="20200611 09:55:52.050"></status>
</kw>
<kw name="Run Keyword And Continue On Failure" library="BuiltIn">
<doc>Runs the keyword and continues execution even if a failure occurs.</doc>
<arguments>
<arg>should be equal</arg>
<arg>${strong1}</arg>
<arg>${coursenamedis2}</arg>
</arguments>
<kw name="Should Be Equal" library="BuiltIn">
<doc>Fails if the given objects are unequal.</doc>
<arguments>
<arg>${strong1}</arg>
<arg>${coursenamedis2}</arg>
</arguments>
<status status="PASS" starttime="20200611 09:55:52.051" endtime="20200611 09:55:52.051"></status>
</kw>
<status status="PASS" starttime="20200611 09:55:52.051" endtime="20200611 09:55:52.051"></status>
</kw>
<kw name="Log To Console" library="BuiltIn">
<doc>Logs the given message to the console.</doc>
<arguments>
<arg>Course name display on the side content box matches</arg>
</arguments>
<status status="PASS" starttime="20200611 09:55:52.051" endtime="20200611 09:55:52.052"></status>
</kw>
<kw name="Click Element" library="SeleniumLibrary">
<doc>Click element identified by ``locator``.</doc>
<arguments>
<arg>xpath=//div/a[contains(text(),"Syllabus for ${strong1}")]</arg>
</arguments>
<msg timestamp="20200611 09:55:52.052" level="INFO">Clicking element 'xpath=//div/a[contains(text(),"Syllabus for Light Emitting Diodes and Semiconductor Lasers")]'.</msg>
<status status="PASS" starttime="20200611 09:55:52.052" endtime="20200611 09:55:52.388"></status>
</kw>
<kw name="Sleep" library="BuiltIn">
<doc>Pauses the test executed for the given time.</doc>
<arguments>
<arg>10s</arg>
</arguments>
<status status="FAIL" starttime="20200611 09:55:52.389" endtime="20200611 09:55:59.533"></status>
</kw>
<status status="FAIL" starttime="20200611 09:55:49.600" endtime="20200611 09:55:59.534"></status>
</kw>
<status status="FAIL" starttime="20200611 09:55:46.581" endtime="20200611 09:55:59.535"></status>
</kw>
<kw name="End Web test" library="common" type="teardown">
<kw name="Close Browser" library="SeleniumLibrary">
<doc>Closes the current browser.</doc>
<msg timestamp="20200611 09:56:00.541" level="WARN">Retrying (Retry(total=2, connect=None, read=None, redirect=None, status=None)) after connection broken by 'NewConnectionError('&lt;urllib3.connection.HTTPConnection object at 0x000002753B4CE828&gt;: Failed to establish a new connection: [WinError 10061] No connection could be made because the target machine actively refused it',)': /session/a6ac2f44-70b9-469d-81cd-e31513c2273a</msg>
<msg timestamp="20200611 09:56:01.550" level="WARN">Retrying (Retry(total=1, connect=None, read=None, redirect=None, status=None)) after connection broken by 'NewConnectionError('&lt;urllib3.connection.HTTPConnection object at 0x000002753B504BA8&gt;: Failed to establish a new connection: [WinError 10061] No connection could be made because the target machine actively refused it',)': /session/a6ac2f44-70b9-469d-81cd-e31513c2273a</msg>
<msg timestamp="20200611 09:56:02.564" level="WARN">Retrying (Retry(total=0, connect=None, read=None, redirect=None, status=None)) after connection broken by 'NewConnectionError('&lt;urllib3.connection.HTTPConnection object at 0x000002753B4CEBE0&gt;: Failed to establish a new connection: [WinError 10061] No connection could be made because the target machine actively refused it',)': /session/a6ac2f44-70b9-469d-81cd-e31513c2273a</msg>
<status status="PASS" starttime="20200611 09:55:59.538" endtime="20200611 09:56:03.576"></status>
</kw>
<status status="PASS" starttime="20200611 09:55:59.537" endtime="20200611 09:56:03.577"></status>
</kw>
<status status="FAIL" starttime="20200611 09:55:40.524" endtime="20200611 09:56:03.577" critical="yes">Execution terminated by signal</status>
</test>
<test id="s1-t2" name="MSEE_unauth_regression">
<tags>
<tag>robot:exit</tag>
</tags>
<status status="FAIL" starttime="20200611 09:56:03.586" endtime="20200611 09:56:03.588" critical="yes">Test execution stopped due to a fatal error.</status>
</test>
<test id="s1-t3" name="MSEE_unauth_regression">
<tags>
<tag>robot:exit</tag>
</tags>
<status status="FAIL" starttime="20200611 09:56:03.591" endtime="20200611 09:56:03.593" critical="yes">Test execution stopped due to a fatal error.</status>
</test>
<test id="s1-t4" name="MSEE_unauth_regression">
<tags>
<tag>robot:exit</tag>
</tags>
<status status="FAIL" starttime="20200611 09:56:03.597" endtime="20200611 09:56:03.598" critical="yes">Test execution stopped due to a fatal error.</status>
</test>
<test id="s1-t5" name="MSEE_unauth_regression">
<tags>
<tag>robot:exit</tag>
</tags>
<status status="FAIL" starttime="20200611 09:56:03.601" endtime="20200611 09:56:03.602" critical="yes">Test execution stopped due to a fatal error.</status>
</test>
<test id="s1-t6" name="MSEE_unauth_regression">
<tags>
<tag>robot:exit</tag>
</tags>
<status status="FAIL" starttime="20200611 09:56:03.606" endtime="20200611 09:56:03.607" critical="yes">Test execution stopped due to a fatal error.</status>
</test>
<test id="s1-t7" name="MSEE_unauth_regression">
<tags>
<tag>robot:exit</tag>
</tags>
<status status="FAIL" starttime="20200611 09:56:03.611" endtime="20200611 09:56:03.612" critical="yes">Test execution stopped due to a fatal error.</status>
</test>
<test id="s1-t8" name="MSEE_unauth_regression">
<tags>
<tag>robot:exit</tag>
</tags>
<status status="FAIL" starttime="20200611 09:56:03.617" endtime="20200611 09:56:03.618" critical="yes">Test execution stopped due to a fatal error.</status>
</test>
<test id="s1-t9" name="MSEE_unauth_regression">
<tags>
<tag>robot:exit</tag>
</tags>
<status status="FAIL" starttime="20200611 09:56:03.620" endtime="20200611 09:56:03.621" critical="yes">Test execution stopped due to a fatal error.</status>
</test>
<test id="s1-t10" name="MSEE_unauth_regression">
<tags>
<tag>robot:exit</tag>
</tags>
<status status="FAIL" starttime="20200611 09:56:03.623" endtime="20200611 09:56:03.624" critical="yes">Test execution stopped due to a fatal error.</status>
</test>
<test id="s1-t11" name="MSEE_unauth_regression">
<tags>
<tag>robot:exit</tag>
</tags>
<status status="FAIL" starttime="20200611 09:56:03.626" endtime="20200611 09:56:03.627" critical="yes">Test execution stopped due to a fatal error.</status>
</test>
<test id="s1-t12" name="MSEE_unauth_regression">
<tags>
<tag>robot:exit</tag>
</tags>
<status status="FAIL" starttime="20200611 09:56:03.629" endtime="20200611 09:56:03.630" critical="yes">Test execution stopped due to a fatal error.</status>
</test>
<test id="s1-t13" name="MSEE_unauth_regression">
<tags>
<tag>robot:exit</tag>
</tags>
<status status="FAIL" starttime="20200611 09:56:03.632" endtime="20200611 09:56:03.632" critical="yes">Test execution stopped due to a fatal error.</status>
</test>
<test id="s1-t14" name="MSEE_unauth_regression">
<tags>
<tag>robot:exit</tag>
</tags>
<status status="FAIL" starttime="20200611 09:56:03.635" endtime="20200611 09:56:03.635" critical="yes">Test execution stopped due to a fatal error.</status>
</test>
<test id="s1-t15" name="MSEE_unauth_regression">
<tags>
<tag>robot:exit</tag>
</tags>
<status status="FAIL" starttime="20200611 09:56:03.637" endtime="20200611 09:56:03.638" critical="yes">Test execution stopped due to a fatal error.</status>
</test>
<test id="s1-t16" name="MSEE_unauth_regression">
<tags>
<tag>robot:exit</tag>
</tags>
<status status="FAIL" starttime="20200611 09:56:03.640" endtime="20200611 09:56:03.640" critical="yes">Test execution stopped due to a fatal error.</status>
</test>
<test id="s1-t17" name="MSEE_unauth_regression">
<tags>
<tag>robot:exit</tag>
</tags>
<status status="FAIL" starttime="20200611 09:56:03.644" endtime="20200611 09:56:03.645" critical="yes">Test execution stopped due to a fatal error.</status>
</test>
<test id="s1-t18" name="MSEE_unauth_regression">
<tags>
<tag>robot:exit</tag>
</tags>
<status status="FAIL" starttime="20200611 09:56:03.647" endtime="20200611 09:56:03.648" critical="yes">Test execution stopped due to a fatal error.</status>
</test>
<test id="s1-t19" name="MSEE_unauth_regression">
<tags>
<tag>robot:exit</tag>
</tags>
<status status="FAIL" starttime="20200611 09:56:03.649" endtime="20200611 09:56:03.650" critical="yes">Test execution stopped due to a fatal error.</status>
</test>
<test id="s1-t20" name="MSEE_unauth_regression">
<tags>
<tag>robot:exit</tag>
</tags>
<status status="FAIL" starttime="20200611 09:56:03.651" endtime="20200611 09:56:03.652" critical="yes">Test execution stopped due to a fatal error.</status>
</test>
<test id="s1-t21" name="MSEE_unauth_regression">
<tags>
<tag>robot:exit</tag>
</tags>
<status status="FAIL" starttime="20200611 09:56:03.654" endtime="20200611 09:56:03.654" critical="yes">Test execution stopped due to a fatal error.</status>
</test>
<test id="s1-t22" name="MSEE_unauth_regression">
<tags>
<tag>robot:exit</tag>
</tags>
<status status="FAIL" starttime="20200611 09:56:03.656" endtime="20200611 09:56:03.656" critical="yes">Test execution stopped due to a fatal error.</status>
</test>
<status status="FAIL" starttime="20200611 09:55:39.793" endtime="20200611 09:56:03.657"></status>
</suite>
<statistics>
<total>
<stat pass="0" fail="22">Critical Tests</stat>
<stat pass="0" fail="22">All Tests</stat>
</total>
<tag>
<stat pass="0" fail="1" info="combined" combined="NOT robot:exit">NOT robot:exit</stat>
<stat pass="0" fail="21">robot:exit</stat>
</tag>
<suite>
<stat pass="0" fail="22" id="s1" name="Demo">Demo</stat>
</suite>
</statistics>
<errors>
<msg timestamp="20200611 09:55:39.844" level="WARN">Collapsing consecutive whitespace during parsing is deprecated. Fix ' # This needs to be updated' in file 'C:\development\robot-scripts\MSEE_p2r3\Resources\Page Object\slateformpage.robot' on line 136.</msg>
<msg timestamp="20200611 09:55:39.846" level="WARN">Collapsing consecutive whitespace during parsing is deprecated. Fix ' # This needs to be updated' in file 'C:\development\robot-scripts\MSEE_p2r3\Resources\Page Object\slateformpage.robot' on line 151.</msg>
<msg timestamp="20200611 09:56:00.541" level="WARN">Retrying (Retry(total=2, connect=None, read=None, redirect=None, status=None)) after connection broken by 'NewConnectionError('&lt;urllib3.connection.HTTPConnection object at 0x000002753B4CE828&gt;: Failed to establish a new connection: [WinError 10061] No connection could be made because the target machine actively refused it',)': /session/a6ac2f44-70b9-469d-81cd-e31513c2273a</msg>
<msg timestamp="20200611 09:56:01.550" level="WARN">Retrying (Retry(total=1, connect=None, read=None, redirect=None, status=None)) after connection broken by 'NewConnectionError('&lt;urllib3.connection.HTTPConnection object at 0x000002753B504BA8&gt;: Failed to establish a new connection: [WinError 10061] No connection could be made because the target machine actively refused it',)': /session/a6ac2f44-70b9-469d-81cd-e31513c2273a</msg>
<msg timestamp="20200611 09:56:02.564" level="WARN">Retrying (Retry(total=0, connect=None, read=None, redirect=None, status=None)) after connection broken by 'NewConnectionError('&lt;urllib3.connection.HTTPConnection object at 0x000002753B4CEBE0&gt;: Failed to establish a new connection: [WinError 10061] No connection could be made because the target machine actively refused it',)': /session/a6ac2f44-70b9-469d-81cd-e31513c2273a</msg>
<msg timestamp="20200611 09:56:03.582" level="WARN">Multiple test cases with name 'MSEE_unauth_regression' executed in test suite 'Demo'.</msg>
<msg timestamp="20200611 09:56:03.590" level="WARN">Multiple test cases with name 'MSEE_unauth_regression' executed in test suite 'Demo'.</msg>
<msg timestamp="20200611 09:56:03.596" level="WARN">Multiple test cases with name 'MSEE_unauth_regression' executed in test suite 'Demo'.</msg>
<msg timestamp="20200611 09:56:03.600" level="WARN">Multiple test cases with name 'MSEE_unauth_regression' executed in test suite 'Demo'.</msg>
<msg timestamp="20200611 09:56:03.605" level="WARN">Multiple test cases with name 'MSEE_unauth_regression' executed in test suite 'Demo'.</msg>
<msg timestamp="20200611 09:56:03.610" level="WARN">Multiple test cases with name 'MSEE_unauth_regression' executed in test suite 'Demo'.</msg>
<msg timestamp="20200611 09:56:03.616" level="WARN">Multiple test cases with name 'MSEE_unauth_regression' executed in test suite 'Demo'.</msg>
<msg timestamp="20200611 09:56:03.620" level="WARN">Multiple test cases with name 'MSEE_unauth_regression' executed in test suite 'Demo'.</msg>
<msg timestamp="20200611 09:56:03.623" level="WARN">Multiple test cases with name 'MSEE_unauth_regression' executed in test suite 'Demo'.</msg>
<msg timestamp="20200611 09:56:03.625" level="WARN">Multiple test cases with name 'MSEE_unauth_regression' executed in test suite 'Demo'.</msg>
<msg timestamp="20200611 09:56:03.629" level="WARN">Multiple test cases with name 'MSEE_unauth_regression' executed in test suite 'Demo'.</msg>
<msg timestamp="20200611 09:56:03.631" level="WARN">Multiple test cases with name 'MSEE_unauth_regression' executed in test suite 'Demo'.</msg>
<msg timestamp="20200611 09:56:03.634" level="WARN">Multiple test cases with name 'MSEE_unauth_regression' executed in test suite 'Demo'.</msg>
<msg timestamp="20200611 09:56:03.637" level="WARN">Multiple test cases with name 'MSEE_unauth_regression' executed in test suite 'Demo'.</msg>
<msg timestamp="20200611 09:56:03.639" level="WARN">Multiple test cases with name 'MSEE_unauth_regression' executed in test suite 'Demo'.</msg>
<msg timestamp="20200611 09:56:03.643" level="WARN">Multiple test cases with name 'MSEE_unauth_regression' executed in test suite 'Demo'.</msg>
<msg timestamp="20200611 09:56:03.646" level="WARN">Multiple test cases with name 'MSEE_unauth_regression' executed in test suite 'Demo'.</msg>
<msg timestamp="20200611 09:56:03.649" level="WARN">Multiple test cases with name 'MSEE_unauth_regression' executed in test suite 'Demo'.</msg>
<msg timestamp="20200611 09:56:03.651" level="WARN">Multiple test cases with name 'MSEE_unauth_regression' executed in test suite 'Demo'.</msg>
<msg timestamp="20200611 09:56:03.653" level="WARN">Multiple test cases with name 'MSEE_unauth_regression' executed in test suite 'Demo'.</msg>
<msg timestamp="20200611 09:56:03.655" level="WARN">Multiple test cases with name 'MSEE_unauth_regression' executed in test suite 'Demo'.</msg>
</errors>
</robot>
